[00:02:21] [Server thread/INFO]: nahuukkj lost connection: Disconnected
[00:02:21] [Server thread/INFO]: nahuukkj left the game
[00:02:25] [Server thread/INFO]: nahuukkj[/127.217.24.155:38335] logged in with entity id 5185 at (181.52583727216023, 62.0, -118.30644780168885)
[00:02:25] [Server thread/INFO]: nahuukkj joined the game
[00:05:41] [Server thread/INFO]: nahuukkj has made the advancement [Take Aim]
[00:07:58] [Server thread/INFO]: Njasa4k has made the advancement [Suit Up]
[00:09:15] [Server thread/INFO]: Njasa4k has made the advancement [Isn't It Iron Pick]
[00:11:37] [Server thread/INFO]: Njasa4k has made the advancement [Diamonds!]
[00:11:48] [Server thread/INFO]: nahuukkj has made the advancement [Isn't It Iron Pick]
[00:12:29] [Server thread/INFO]: nahuukkj lost connection: Disconnected
[00:12:29] [Server thread/INFO]: nahuukkj left the game
[00:12:35] [Server thread/INFO]: nahuukkj[/127.217.24.155:48963] logged in with entity id 7309 at (268.6089463377824, 13.0, -114.69999998807907)
[00:12:35] [Server thread/INFO]: nahuukkj joined the game
[00:13:12] [Server thread/INFO]: nahuukkj has made the advancement [Not Today, Thank You]
[00:13:48] [Server thread/INFO]: nahuukkj has made the advancement [Suit Up]
[00:14:12] [Server thread/INFO]: Njasa4k burned to death
[00:15:39] [Server thread/INFO]: [Not Secure] <nahuukkj> 267 14 -115
[00:16:12] [Server thread/INFO]: [Not Secure] <Njasa4k> 267
[00:16:52] [Server thread/INFO]: [Not Secure] <nahuukkj> 267 14 -115
[00:16:52] [Server thread/INFO]: [Not Secure] <nahuukkj> 267 14 -115
[00:16:53] [Server thread/INFO]: [Not Secure] <nahuukkj> 267 14 -115
[00:16:53] [Server thread/INFO]: [Not Secure] <nahuukkj> 267 14 -115
[00:16:54] [Server thread/INFO]: [Not Secure] <nahuukkj> 267 14 -115
[00:16:54] [Server thread/INFO]: [Not Secure] <nahuukkj> 267 14 -115
[00:16:55] [Server thread/INFO]: [Not Secure] <nahuukkj> 267 14 -115
[00:16:57] [Server thread/INFO]: [Not Secure] <nahuukkj> 267 14 -115
[00:16:57] [Server thread/INFO]: [Not Secure] <nahuukkj> 267 14 -115
[00:16:58] [Server thread/INFO]: [Not Secure] <nahuukkj> 267 14 -115
[00:16:58] [Server thread/INFO]: [Not Secure] <nahuukkj> 267 14 -115
[00:18:24] [Server thread/INFO]: Njasa4k was slain by Spider
[00:22:07] [Server thread/INFO]: [Not Secure] <Njasa4k> 270 69 -122
[00:23:02] [Server thread/INFO]: [Not Secure] <Njasa4k> 270 69 -122
[00:25:25] [Server thread/INFO]: nahuukkj lost connection: Disconnected
[00:25:25] [Server thread/INFO]: nahuukkj left the game
[00:25:29] [Server thread/INFO]: nahuukkj[/127.217.24.155:59339] logged in with entity id 10264 at (248.29061214839376, 70.0, -118.8997576232709)
[00:25:29] [Server thread/INFO]: nahuukkj joined the game
[00:30:20] [Server thread/INFO]: nahuukkj has made the advancement [Best Friends Forever]
[00:31:18] [Server thread/INFO]: [Not Secure] <Njasa4k> 232 -48 -162
[00:33:59] [Server thread/INFO]: Njasa4k lost connection: Timed out
[00:33:59] [Server thread/INFO]: Njasa4k left the game
[00:34:08] [Server thread/INFO]: Njasa4k[/127.217.24.155:51493] logged in with entity id 11845 at (282.9013268104965, -11.0, -119.00010531908352)
[00:34:08] [Server thread/INFO]: Njasa4k joined the game
[00:36:48] [Server thread/INFO]: Njasa4k lost connection: Disconnected
[00:36:48] [Server thread/INFO]: Njasa4k left the game
[00:36:51] [Server thread/INFO]: Njasa4k[/127.217.24.155:57519] logged in with entity id 12267 at (276.40510593624555, 18.0, -113.50091898143198)
[00:36:51] [Server thread/INFO]: Njasa4k joined the game
